[debug] [2022-07-18T18:08:12.724Z] ----------------------------------------------------------------------
[debug] [2022-07-18T18:08:12.725Z] Command:       C:\Program Files\nodejs\node.exe C:\Users\Naimur Rahaman Emon\AppData\Roaming\npm\node_modules\firebase-tools\lib\bin\firebase.js init
[debug] [2022-07-18T18:08:12.725Z] CLI Version:   10.6.0
[debug] [2022-07-18T18:08:12.725Z] Platform:      win32
[debug] [2022-07-18T18:08:12.725Z] Node Version:  v16.13.1
[debug] [2022-07-18T18:08:12.729Z] Time:          Tue Jul 19 2022 00:08:12 GMT+0600 (Bangladesh Standard Time)
[debug] [2022-07-18T18:08:12.729Z] ----------------------------------------------------------------------
[debug] 
[debug] [2022-07-18T18:08:12.731Z] >>> [apiv2][query] GET https://firebase-public.firebaseio.com/cli.json [none]
[debug] [2022-07-18T18:08:12.789Z] > command requires scopes: ["email","openid","https://www.googleapis.com/auth/cloudplatformprojects.readonly","https://www.googleapis.com/auth/firebase","https://www.googleapis.com/auth/cloud-platform"]
[debug] [2022-07-18T18:08:12.790Z] > authorizing via signed-in user (mdnaimurrahaman202@gmail.com)
[info] 
     ######## #### ########  ######## ########     ###     ######  ########
     ##        ##  ##     ## ##       ##     ##  ##   ##  ##       ##
     ######    ##  ########  ######   ########  #########  ######  ######
     ##        ##  ##    ##  ##       ##     ## ##     ##       ## ##
     ##       #### ##     ## ######## ########  ##     ##  ######  ########

You're about to initialize a Firebase project in this directory:

  C:\projects\doctors-portal-client

Before we get started, keep in mind:

  * You are currently outside your home directory
  * You are initializing within an existing Firebase project directory

[debug] [2022-07-18T18:08:13.562Z] <<< [apiv2][status] GET https://firebase-public.firebaseio.com/cli.json 200
[debug] [2022-07-18T18:08:13.562Z] <<< [apiv2][body] GET https://firebase-public.firebaseio.com/cli.json {"cloudBuildErrorAfter":1594252800000,"cloudBuildWarnAfter":1590019200000,"defaultNode10After":1594252800000,"minVersion":"3.0.5","node8DeploysDisabledAfter":1613390400000,"node8RuntimeDisabledAfter":1615809600000,"node8WarnAfter":1600128000000}
